Build started 17/01/2016 11:48:09 AM.
     1>Project "C:\Users\shane\Programming\Graphics\Graphics\Graphics.vcxproj" on node 2 (Build target(s)).
     1>ClCompile:
         C:\Program Files (x86)\Microsoft Visual Studio 12.0\VC\bin\CL.exe /c /I"C:\Users\shane\Programming\Graphics\Graphics\dep\stb-master" /IC:\Users\shane\Programming\Graphics\Graphics\dep\glm /IC:\Users\shane\Programming\Graphics\Graphics\dep\glfw\include /IC:\Users\shane\Programming\Graphics\Graphics\dep\AntTweakBar /IC:\Users\shane\Programming\Graphics\Graphics\src /IC:\Users\shane\Programming\Graphics\Graphics\dep /IC:\Users\shane\Programming\Graphics\Graphics\inc /ZI /nologo /W3 /WX- /Od /Oy- /D WIN32 /D _DEBUG /D _CONSOLE /D _LIB /D GLM_SWIZZLE /D GLM_FORCE_PURE /D _UNICODE /D UNICODE /Gm /EHsc /RTC1 /MDd /GS /fp:precise /Zc:wchar_t /Zc:forScope /Fo"Debug\\" /Fd"Debug\vc120.pdb" /Gd /TP /analyze- /errorReport:prompt src\Camera.cpp src\FlyCamera.cpp src\Game.cpp src\GameStateManager.cpp src\Gizmos.cpp src\imgui.cpp src\imgui_impl_glfw_gl3.cpp src\main.cpp src\ObjectOBJ.cpp src\ParticleEmitter.cpp src\ShaderLoader.cpp src\Procedural.cpp src\Skybox.cpp src\SpinningCamera.cpp src\Terrain.cpp
         Terrain.cpp
     1>c:\users\shane\programming\graphics\graphics\src\terrain.cpp(40): warning C4244: 'argument' : conversion from 'double' to 'float', possible loss of data
     1>c:\users\shane\programming\graphics\graphics\src\terrain.cpp(51): warning C4996: 'sprintf': This function or variable may be unsafe. Consider using sprintf_s instead. To disable deprecation, use _CRT_SECURE_NO_WARNINGS. See online help for details.
                 c:\program files (x86)\microsoft visual studio 12.0\vc\include\stdio.h(356) : see declaration of 'sprintf'
     1>c:\users\shane\programming\graphics\graphics\src\terrain.cpp(60): warning C4996: 'sprintf': This function or variable may be unsafe. Consider using sprintf_s instead. To disable deprecation, use _CRT_SECURE_NO_WARNINGS. See online help for details.
                 c:\program files (x86)\microsoft visual studio 12.0\vc\include\stdio.h(356) : see declaration of 'sprintf'
     1>c:\users\shane\programming\graphics\graphics\src\terrain.cpp(93): warning C4244: 'initializing' : conversion from 'double' to 'const float', possible loss of data
     1>c:\users\shane\programming\graphics\graphics\src\terrain.cpp(94): warning C4244: 'initializing' : conversion from 'double' to 'const float', possible loss of data
     1>c:\users\shane\programming\graphics\graphics\src\terrain.cpp(95): warning C4244: 'initializing' : conversion from 'double' to 'const float', possible loss of data
         SpinningCamera.cpp
         Skybox.cpp
         Procedural.cpp
         ShaderLoader.cpp
     1>c:\users\shane\programming\graphics\graphics\src\shaderloader.cpp(64): warning C4996: 'fopen': This function or variable may be unsafe. Consider using fopen_s instead. To disable deprecation, use _CRT_SECURE_NO_WARNINGS. See online help for details.
                 c:\program files (x86)\microsoft visual studio 12.0\vc\include\stdio.h(211) : see declaration of 'fopen'
         ParticleEmitter.cpp
         ObjectOBJ.cpp
     1>c:\users\shane\programming\graphics\graphics\src\objectobj.cpp(63): warning C4244: 'argument' : conversion from 'double' to 'float', possible loss of data
         main.cpp
         imgui_impl_glfw_gl3.cpp
         imgui.cpp
         Gizmos.cpp
         GameStateManager.cpp
         Game.cpp
     1>c:\users\shane\programming\graphics\graphics\src\game.cpp(16): warning C4244: 'argument' : conversion from 'time_t' to 'unsigned int', possible loss of data
         FlyCamera.cpp
         Camera.cpp
         Generating Code...
         C:\Program Files (x86)\Microsoft Visual Studio 12.0\VC\bin\CL.exe /c /I"C:\Users\shane\Programming\Graphics\Graphics\dep\stb-master" /IC:\Users\shane\Programming\Graphics\Graphics\dep\glm /IC:\Users\shane\Programming\Graphics\Graphics\dep\glfw\include /IC:\Users\shane\Programming\Graphics\Graphics\dep\AntTweakBar /IC:\Users\shane\Programming\Graphics\Graphics\src /IC:\Users\shane\Programming\Graphics\Graphics\dep /IC:\Users\shane\Programming\Graphics\Graphics\inc /ZI /nologo /W3 /WX- /Od /Oy- /D WIN32 /D _DEBUG /D _CONSOLE /D _LIB /D GLM_SWIZZLE /D GLM_FORCE_PURE /D _UNICODE /D UNICODE /Gm /EHsc /RTC1 /MDd /GS /fp:precise /Zc:wchar_t /Zc:forScope /Fo"Debug\\" /Fd"Debug\vc120.pdb" /Gd /TC /analyze- /errorReport:prompt src\gl_core_4_4.c
         gl_core_4_4.c
       Link:
         C:\Program Files (x86)\Microsoft Visual Studio 12.0\VC\bin\link.exe /ERRORREPORT:PROMPT /OUT:"C:\Users\shane\Programming\Graphics\Graphics\bin\Debug\Graphics.exe" /INCREMENTAL /NOLOGO /LIBPATH:C:\Users\shane\Programming\Graphics\Graphics\lib opengl32.lib glfw3.lib XINPUT9_1_0.LIB AntTweakBar.lib kernel32.lib user32.lib gdi32.lib winspool.lib comdlg32.lib advapi32.lib shell32.lib ole32.lib oleaut32.lib uuid.lib odbc32.lib odbccp32.lib /MANIFEST /MANIFESTUAC:"level='asInvoker' uiAccess='false'" /manifest:embed /DEBUG /PDB:"C:\Users\shane\Programming\Graphics\Graphics\bin\Debug\Graphics.pdb" /SUBSYSTEM:CONSOLE /TLBID:1 /DYNAMICBASE /NXCOMPAT /IMPLIB:"C:\Users\shane\Programming\Graphics\Graphics\bin\Debug\Graphics.lib" /MACHINE:X86 Debug\Camera.obj
         Debug\FlyCamera.obj
         Debug\Game.obj
         Debug\GameStateManager.obj
         Debug\Gizmos.obj
         Debug\gl_core_4_4.obj
         Debug\imgui.obj
         Debug\imgui_impl_glfw_gl3.obj
         Debug\main.obj
         Debug\ObjectOBJ.obj
         Debug\ParticleEmitter.obj
         Debug\ShaderLoader.obj
         Debug\Procedural.obj
         Debug\Skybox.obj
         Debug\SpinningCamera.obj
         Debug\Terrain.obj
     1>LINK : warning LNK4098: defaultlib 'MSVCRT' conflicts with use of other libs; use /NODEFAULTLIB:library
         Graphics.vcxproj -> C:\Users\shane\Programming\Graphics\Graphics\bin\Debug\Graphics.exe
     1>Done Building Project "C:\Users\shane\Programming\Graphics\Graphics\Graphics.vcxproj" (Build target(s)).

Build succeeded.

Time Elapsed 00:00:56.54
