c:\users\shane\programming\graphics\graphics\debug\vc120.pdb
c:\users\shane\programming\graphics\graphics\debug\vc120.idb
c:\users\shane\programming\graphics\graphics\debug\camera.obj
c:\users\shane\programming\graphics\graphics\debug\debug.obj
c:\users\shane\programming\graphics\graphics\debug\flycamera.obj
c:\users\shane\programming\graphics\graphics\debug\game.obj
c:\users\shane\programming\graphics\graphics\debug\gamestatemanager.obj
c:\users\shane\programming\graphics\graphics\debug\gizmos.obj
c:\users\shane\programming\graphics\graphics\debug\imgui.obj
c:\users\shane\programming\graphics\graphics\debug\imgui_impl_glfw_gl3.obj
c:\users\shane\programming\graphics\graphics\debug\main.obj
c:\users\shane\programming\graphics\graphics\debug\material.obj
c:\users\shane\programming\graphics\graphics\debug\mesh.obj
c:\users\shane\programming\graphics\graphics\debug\objectobj.obj
c:\users\shane\programming\graphics\graphics\debug\particleemitter.obj
c:\users\shane\programming\graphics\graphics\debug\shaderloader.obj
c:\users\shane\programming\graphics\graphics\debug\mainstate.obj
c:\users\shane\programming\graphics\graphics\debug\skybox.obj
c:\users\shane\programming\graphics\graphics\debug\spinningcamera.obj
c:\users\shane\programming\graphics\graphics\debug\terrain.obj
c:\users\shane\programming\graphics\graphics\debug\gl_core_4_4.obj
c:\users\shane\programming\graphics\graphics\bin\debug\graphics.ilk
c:\users\shane\programming\graphics\graphics\bin\debug\graphics.exe
c:\users\shane\programming\graphics\graphics\bin\debug\graphics.pdb
c:\users\shane\programming\graphics\graphics\debug\graphics.tlog\cl.command.1.tlog
c:\users\shane\programming\graphics\graphics\debug\graphics.tlog\cl.read.1.tlog
c:\users\shane\programming\graphics\graphics\debug\graphics.tlog\cl.write.1.tlog
c:\users\shane\programming\graphics\graphics\debug\graphics.tlog\link.command.1.tlog
c:\users\shane\programming\graphics\graphics\debug\graphics.tlog\link.read.1.tlog
c:\users\shane\programming\graphics\graphics\debug\graphics.tlog\link.write.1.tlog
